c:\users\tore\source\api\mygameapi_fnf\mygameapi_fnf\binobj\vc142.pdb
c:\users\tore\source\api\mygameapi_fnf\mygameapi_fnf\binobj\vc142.idb
c:\users\tore\source\api\mygameapi_fnf\mygameapi_fnf\binobj\timer.obj
c:\users\tore\source\api\mygameapi_fnf\mygameapi_fnf\binobj\ref.obj
c:\users\tore\source\api\mygameapi_fnf\mygameapi_fnf\binobj\pathmanager.obj
c:\users\tore\source\api\mygameapi_fnf\mygameapi_fnf\binobj\combofont.obj
c:\users\tore\source\api\mygameapi_fnf\mygameapi_fnf\binobj\main.obj
c:\users\tore\source\api\mygameapi_fnf\mygameapi_fnf\binobj\math.obj
c:\users\tore\source\api\mygameapi_fnf\mygameapi_fnf\binobj\sound.obj
c:\users\tore\source\api\mygameapi_fnf\mygameapi_fnf\binobj\animationsequence.obj
c:\users\tore\source\api\mygameapi_fnf\mygameapi_fnf\binobj\collisionmanager.obj
c:\users\tore\source\api\mygameapi_fnf\mygameapi_fnf\binobj\collision.obj
c:\users\tore\source\api\mygameapi_fnf\mygameapi_fnf\binobj\camera.obj
c:\users\tore\source\api\mygameapi_fnf\mygameapi_fnf\binobj\uiwindow.obj
c:\users\tore\source\api\mygameapi_fnf\mygameapi_fnf\binobj\uiwidget.obj
c:\users\tore\source\api\mygameapi_fnf\mygameapi_fnf\binobj\girlfriend.obj
c:\users\tore\source\api\mygameapi_fnf\mygameapi_fnf\binobj\boyfriend.obj
c:\users\tore\source\api\mygameapi_fnf\mygameapi_fnf\binobj\character.obj
c:\users\tore\source\api\mygameapi_fnf\mygameapi_fnf\binobj\daddy.obj
c:\users\tore\source\api\mygameapi_fnf\mygameapi_fnf\binobj\mapbase.obj
c:\users\tore\source\api\mygameapi_fnf\mygameapi_fnf\binobj\texture.obj
c:\users\tore\source\api\mygameapi_fnf\mygameapi_fnf\binobj\font.obj
c:\users\tore\source\api\mygameapi_fnf\mygameapi_fnf\binobj\effecttiming.obj
c:\users\tore\source\api\mygameapi_fnf\mygameapi_fnf\binobj\input.obj
c:\users\tore\source\api\mygameapi_fnf\mygameapi_fnf\binobj\gamemanager.obj
c:\users\tore\source\api\mygameapi_fnf\mygameapi_fnf\binobj\collidersphere.obj
c:\users\tore\source\api\mygameapi_fnf\mygameapi_fnf\binobj\colliderbox.obj
c:\users\tore\source\api\mygameapi_fnf\mygameapi_fnf\binobj\collider.obj
c:\users\tore\source\api\mygameapi_fnf\mygameapi_fnf\binobj\animation.obj
c:\users\tore\source\api\mygameapi_fnf\mygameapi_fnf\binobj\widgetcomponent.obj
c:\users\tore\source\api\mygameapi_fnf\mygameapi_fnf\binobj\uitext.obj
c:\users\tore\source\api\mygameapi_fnf\mygameapi_fnf\binobj\uimain.obj
c:\users\tore\source\api\mygameapi_fnf\mygameapi_fnf\binobj\uiimage.obj
c:\users\tore\source\api\mygameapi_fnf\mygameapi_fnf\binobj\progressbar.obj
c:\users\tore\source\api\mygameapi_fnf\mygameapi_fnf\binobj\numberwidget.obj
c:\users\tore\source\api\mygameapi_fnf\mygameapi_fnf\binobj\button.obj
c:\users\tore\source\api\mygameapi_fnf\mygameapi_fnf\binobj\sceneresource.obj
c:\users\tore\source\api\mygameapi_fnf\mygameapi_fnf\binobj\scenemanager.obj
c:\users\tore\source\api\mygameapi_fnf\mygameapi_fnf\binobj\scenecollision.obj
c:\users\tore\source\api\mygameapi_fnf\mygameapi_fnf\binobj\resourcemanager.obj
c:\users\tore\source\api\mygameapi_fnf\mygameapi_fnf\binobj\startscene.obj
c:\users\tore\source\api\mygameapi_fnf\mygameapi_fnf\binobj\scene.obj
c:\users\tore\source\api\mygameapi_fnf\mygameapi_fnf\binobj\mainscene.obj
c:\users\tore\source\api\mygameapi_fnf\mygameapi_fnf\binobj\gameobject.obj
c:\users\tore\source\api\mygameapi_fnf\mygameapi_fnf\binobj\tilemap.obj
c:\users\tore\source\api\mygameapi_fnf\mygameapi_fnf\binobj\tile.obj
c:\users\tore\source\api\mygameapi_fnf\mygameapi_fnf\binobj\scrollmap.obj
c:\users\tore\source\api\mygameapi_fnf\mygameapi_fnf\binobj\editorscene.obj
c:\users\tore\source\api\mygameapi_fnf\mygameapi_fnf\binobj\editordlg.obj
c:\users\tore\source\api\mygameapi_fnf\mygameapi_fnf\binobj\note.obj
c:\users\tore\source\api\mygameapi_fnf\mygameapi_fnf\binobj\uistart.obj
c:\users\tore\source\api\mygameapi_fnf\mygameapi_fnf\binobj\girlfriend_logo.obj
c:\users\tore\source\api\mygameapi_fnf\mygameapi_fnf\binobj\logobumpin.obj
c:\users\tore\source\api\mygameapi_fnf\mygameapi_fnf\binobj\uimodemenu.obj
c:\users\tore\source\api\mygameapi_fnf\mygameapi_fnf\bin\mygameapi_fnf.exe
c:\users\tore\source\api\mygameapi_fnf\mygameapi_fnf\binobj\mygameapi_fnf.ipdb
c:\users\tore\source\api\mygameapi_fnf\mygameapi_fnf\binobj\mygameapi_fnf.iobj
c:\users\tore\source\api\mygameapi_fnf\mygameapi_fnf\bin\mygameapi_fnf.pdb
c:\users\tore\source\api\mygameapi_fnf\mygameapi_fnf\binobj\mygameapi_fnf.res
c:\users\tore\source\api\mygameapi_fnf\mygameapi_fnf\binobj\mygameapi_fnf_debug.ilk
c:\users\tore\source\api\mygameapi_fnf\mygameapi_fnf\binobj\../bin/mygameapi_fnf.pdb
c:\users\tore\source\api\mygameapi_fnf\mygameapi_fnf\binobj\mygameapi_fnf.tlog\cl.command.1.tlog
c:\users\tore\source\api\mygameapi_fnf\mygameapi_fnf\binobj\mygameapi_fnf.tlog\cl.read.1.tlog
c:\users\tore\source\api\mygameapi_fnf\mygameapi_fnf\binobj\mygameapi_fnf.tlog\cl.write.1.tlog
c:\users\tore\source\api\mygameapi_fnf\mygameapi_fnf\binobj\mygameapi_fnf.tlog\link.command.1.tlog
c:\users\tore\source\api\mygameapi_fnf\mygameapi_fnf\binobj\mygameapi_fnf.tlog\link.read.1.tlog
c:\users\tore\source\api\mygameapi_fnf\mygameapi_fnf\binobj\mygameapi_fnf.tlog\link.write.1.tlog
c:\users\tore\source\api\mygameapi_fnf\mygameapi_fnf\binobj\mygameapi_fnf.tlog\rc.command.1.tlog
c:\users\tore\source\api\mygameapi_fnf\mygameapi_fnf\binobj\mygameapi_fnf.tlog\rc.read.1.tlog
c:\users\tore\source\api\mygameapi_fnf\mygameapi_fnf\binobj\mygameapi_fnf.tlog\rc.write.1.tlog
